{"level":"info","message":"hello from Acquisitions!","service":"acquisitions-api"}
{"level":"info","message":"::1 - - [09/Oct/2025:21:25:49 +0000] \"GET / HTTP/1.1\" 304 - \"-\" \"Mozilla/5.0 (Windows NT 10.0; Win64; x64) AppleWebKit/537.36 (KHTML, like Gecko) Chrome/141.0.0.0 Safari/537.36\"","service":"acquisitions-api"}
{"level":"info","message":"hello from Acquisitions!","service":"acquisitions-api"}
{"level":"info","message":"::1 - - [13/Oct/2025:20:46:11 +0000] \"GET / HTTP/1.1\" 200 21 \"-\" \"Mozilla/5.0 (Windows NT 10.0; Win64; x64) AppleWebKit/537.36 (KHTML, like Gecko) Chrome/141.0.0.0 Safari/537.36\"","service":"acquisitions-api"}
{"level":"info","message":"::1 - - [13/Oct/2025:20:46:11 +0000] \"GET /favicon.ico HTTP/1.1\" 404 150 \"-\" \"Mozilla/5.0 (Windows NT 10.0; Win64; x64) AppleWebKit/537.36 (KHTML, like Gecko) Chrome/141.0.0.0 Safari/537.36\"","service":"acquisitions-api"}
{"level":"info","message":"hello from Acquisitions!","service":"acquisitions-api"}
{"level":"info","message":"::1 - - [13/Oct/2025:20:46:12 +0000] \"GET / HTTP/1.1\" 304 - \"-\" \"Mozilla/5.0 (Windows NT 10.0; Win64; x64) AppleWebKit/537.36 (KHTML, like Gecko) Chrome/141.0.0.0 Safari/537.36\"","service":"acquisitions-api"}
{"level":"info","message":"hello from Acquisitions!","service":"acquisitions-api"}
{"level":"info","message":"::1 - - [13/Oct/2025:20:46:31 +0000] \"GET / HTTP/1.1\" 304 - \"-\" \"Mozilla/5.0 (Windows NT 10.0; Win64; x64) AppleWebKit/537.36 (KHTML, like Gecko) Chrome/141.0.0.0 Safari/537.36\"","service":"acquisitions-api"}
{"level":"info","message":"hello from Acquisitions!","service":"acquisitions-api"}
{"level":"info","message":"::1 - - [14/Oct/2025:17:25:33 +0000] \"GET / HTTP/1.1\" 200 21 \"-\" \"PostmanRuntime/7.48.0\"","service":"acquisitions-api"}
{"level":"info","message":"hello from Acquisitions!","service":"acquisitions-api"}
{"level":"info","message":"::1 - - [14/Oct/2025:18:12:38 +0000] \"GET / HTTP/1.1\" 200 21 \"-\" \"PostmanRuntime/7.48.0\"","service":"acquisitions-api"}
{"level":"info","message":"::1 - - [14/Oct/2025:18:12:48 +0000] \"GET /api/auth HTTP/1.1\" 404 147 \"-\" \"PostmanRuntime/7.48.0\"","service":"acquisitions-api"}
{"level":"info","message":"::1 - - [14/Oct/2025:18:13:32 +0000] \"GET /api/ HTTP/1.1\" 200 42 \"-\" \"PostmanRuntime/7.48.0\"","service":"acquisitions-api"}
{"level":"info","message":"::1 - - [14/Oct/2025:18:13:37 +0000] \"GET /api/ HTTP/1.1\" 200 42 \"-\" \"PostmanRuntime/7.48.0\"","service":"acquisitions-api"}
{"level":"info","message":"::1 - - [14/Oct/2025:18:13:52 +0000] \"GET /health/ HTTP/1.1\" 200 74 \"-\" \"PostmanRuntime/7.48.0\"","service":"acquisitions-api"}
{"level":"info","message":"::1 - - [14/Oct/2025:18:13:58 +0000] \"GET /health/ HTTP/1.1\" 200 74 \"-\" \"PostmanRuntime/7.48.0\"","service":"acquisitions-api"}
{"level":"info","message":"::1 - - [14/Oct/2025:18:14:02 +0000] \"GET /api/ HTTP/1.1\" 200 42 \"-\" \"PostmanRuntime/7.48.0\"","service":"acquisitions-api"}
{"level":"info","message":"::1 - - [14/Oct/2025:18:15:30 +0000] \"POST /api/auth/sign-in HTTP/1.1\" 200 32 \"-\" \"PostmanRuntime/7.48.0\"","service":"acquisitions-api"}
{"level":"info","message":"::1 - - [14/Oct/2025:18:15:43 +0000] \"POST /api/auth/sign-uot HTTP/1.1\" 404 157 \"-\" \"PostmanRuntime/7.48.0\"","service":"acquisitions-api"}
{"level":"info","message":"::1 - - [14/Oct/2025:18:15:48 +0000] \"POST /api/auth/sign-out HTTP/1.1\" 200 33 \"-\" \"PostmanRuntime/7.48.0\"","service":"acquisitions-api"}
{"level":"info","message":"::1 - - [14/Oct/2025:18:16:01 +0000] \"POST /api/auth/sign-up HTTP/1.1\" 200 32 \"-\" \"PostmanRuntime/7.48.0\"","service":"acquisitions-api"}
{"level":"info","message":"::1 - - [14/Oct/2025:20:19:07 +0000] \"POST /api/auth/sign-up HTTP/1.1\" 400 92 \"-\" \"PostmanRuntime/7.48.0\"","service":"acquisitions-api"}
{"level":"info","message":"User registeered successfully: michelle17@mail.com","service":"acquisitions-api"}
{"level":"info","message":"::1 - - [14/Oct/2025:20:24:18 +0000] \"POST /api/auth/sign-up HTTP/1.1\" 201 115 \"-\" \"PostmanRuntime/7.48.0\"","service":"acquisitions-api"}
{"level":"info","message":"User registered successfully: michelle17@mail.com","service":"acquisitions-api"}
{"level":"info","message":"::1 - - [14/Oct/2025:20:24:47 +0000] \"POST /api/auth/sign-up HTTP/1.1\" 201 115 \"-\" \"PostmanRuntime/7.48.0\"","service":"acquisitions-api"}
{"level":"error","message":"Signup Error password is not defined","service":"acquisitions-api","stack":"ReferenceError: password is not defined\n    at signup (file:///C:/Users/RAM/Desktop/acquisitions/src/controllers/auth.controller.js:22:50)\n    at Layer.handleRequest (C:\\Users\\RAM\\Desktop\\acquisitions\\node_modules\\router\\lib\\layer.js:152:17)\n    at next (C:\\Users\\RAM\\Desktop\\acquisitions\\node_modules\\router\\lib\\route.js:157:13)\n    at Route.dispatch (C:\\Users\\RAM\\Desktop\\acquisitions\\node_modules\\router\\lib\\route.js:117:3)\n    at handle (C:\\Users\\RAM\\Desktop\\acquisitions\\node_modules\\router\\index.js:435:11)\n    at Layer.handleRequest (C:\\Users\\RAM\\Desktop\\acquisitions\\node_modules\\router\\lib\\layer.js:152:17)\n    at C:\\Users\\RAM\\Desktop\\acquisitions\\node_modules\\router\\index.js:295:15\n    at processParams (C:\\Users\\RAM\\Desktop\\acquisitions\\node_modules\\router\\index.js:582:12)\n    at next (C:\\Users\\RAM\\Desktop\\acquisitions\\node_modules\\router\\index.js:291:5)\n    at Function.handle (C:\\Users\\RAM\\Desktop\\acquisitions\\node_modules\\router\\index.js:186:3)"}
{"level":"info","message":"::1 - - [14/Oct/2025:22:00:52 +0000] \"POST /api/auth/sign-up HTTP/1.1\" 500 1219 \"-\" \"PostmanRuntime/7.48.0\"","service":"acquisitions-api"}
